HttpLibrary/build/outputs/logs/manifest-merger-debug-report.txt
-- Merging decision tree log ---
manifest
ADDED from ZNTSpeaker\HttpLibrary\AndroidManifest.xml:1:1-5:12
INJECTED from ZNTSpeaker\HttpLibrary\AndroidManifest.xml:1:1-5:12
INJECTED from ZNTSpeaker\HttpLibrary\AndroidManifest.xml:1:1-5:12
	package
		ADDED from ZNTSpeaker\HttpLibrary\AndroidManifest.xml:1:11-40
		INJECTED from ZNTSpeaker\HttpLibrary\AndroidManifest.xml
		INJECTED from ZNTSpeaker\HttpLibrary\AndroidManifest.xml
	xmlns:android
		ADDED from ZNTSpeaker\HttpLibrary\AndroidManifest.xml:2:11-69